<?xml version="1.0" encoding="UTF-8"?>
<!-- Generated by org.testng.reporters.JUnitXMLReporter -->
<testsuite ignored="0" hostname="parvez" failures="0" tests="6" name="Default test" time="6.903" errors="0" timestamp="2022-09-29T18:52:16 IST">
  <testcase classname="itera.IteraAutomation" name="NavigateToTestAutomation" time="1.676"/>
  <testcase classname="itera.IteraAutomation" name="FillDetails" time="2.288"/>
  <testcase classname="itera.IteraAutomation" name="radioButtonAndCheckBox" time="0.674"/>
  <testcase classname="itera.IteraAuto2nd" name="SelectFromDropDown" time="0.717"/>
  <testcase classname="itera.IteraAuto2nd" name="RadioCheck" time="1.103"/>
  <testcase classname="itera.IteraAuto2nd" name="upload" time="0.201"/>
</testsuite> <!-- Default test -->
